<?xml version="1.0" encoding="UTF-8"?>
<testsuite xmlns:xsi="http://www.w3.org/2001/XMLSchema-instance" xsi:noNamespaceSchemaLocation="https://maven.apache.org/surefire/maven-surefire-plugin/xsd/surefire-test-report-3.0.xsd" version="3.0" name="org.springframework.samples.petclinic.config.PetclinicConfigServerApplicationTests" time="5.171" tests="1" errors="0" skipped="0" failures="0">
  <properties>
    <property name="git.tags" value=""/>
    <property name="java.specification.version" value="17"/>
    <property name="sun.jnu.encoding" value="UTF-8"/>
    <property name="git.build.version" value="3.2.7"/>
    <property name="java.class.path" value="/home/ec2-user/environment/opsjaws-application-signals-handson/chap3/spring-petclinic-config-server/target/test-classes:/home/ec2-user/environment/opsjaws-application-signals-handson/chap3/spring-petclinic-config-server/target/classes:/home/ec2-user/.m2/repository/org/springframework/boot/spring-boot-starter-test/3.2.7/spring-boot-starter-test-3.2.7.jar:/home/ec2-user/.m2/repository/org/springframework/boot/spring-boot-starter/3.2.7/spring-boot-starter-3.2.7.jar:/home/ec2-user/.m2/repository/org/springframework/boot/spring-boot/3.2.7/spring-boot-3.2.7.jar:/home/ec2-user/.m2/repository/org/springframework/spring-context/6.1.10/spring-context-6.1.10.jar:/home/ec2-user/.m2/repository/org/springframework/boot/spring-boot-autoconfigure/3.2.7/spring-boot-autoconfigure-3.2.7.jar:/home/ec2-user/.m2/repository/org/springframework/boot/spring-boot-starter-logging/3.2.7/spring-boot-starter-logging-3.2.7.jar:/home/ec2-user/.m2/repository/ch/qos/logback/logback-classic/1.4.14/logback-classic-1.4.14.jar:/home/ec2-user/.m2/repository/ch/qos/logback/logback-core/1.4.14/logback-core-1.4.14.jar:/home/ec2-user/.m2/repository/org/apache/logging/log4j/log4j-to-slf4j/2.21.1/log4j-to-slf4j-2.21.1.jar:/home/ec2-user/.m2/repository/org/apache/logging/log4j/log4j-api/2.21.1/log4j-api-2.21.1.jar:/home/ec2-user/.m2/repository/org/slf4j/jul-to-slf4j/2.0.13/jul-to-slf4j-2.0.13.jar:/home/ec2-user/.m2/repository/jakarta/annotation/jakarta.annotation-api/2.1.1/jakarta.annotation-api-2.1.1.jar:/home/ec2-user/.m2/repository/org/springframework/boot/spring-boot-test/3.2.7/spring-boot-test-3.2.7.jar:/home/ec2-user/.m2/repository/org/springframework/boot/spring-boot-test-autoconfigure/3.2.7/spring-boot-test-autoconfigure-3.2.7.jar:/home/ec2-user/.m2/repository/com/jayway/jsonpath/json-path/2.9.0/json-path-2.9.0.jar:/home/ec2-user/.m2/repository/org/slf4j/slf4j-api/2.0.13/slf4j-api-2.0.13.jar:/home/ec2-user/.m2/repository/jakarta/xml/bind/jakarta.xml.bind-api/4.0.2/jakarta.xml.bind-api-4.0.2.jar:/home/ec2-user/.m2/repository/jakarta/activation/jakarta.activation-api/2.1.3/jakarta.activation-api-2.1.3.jar:/home/ec2-user/.m2/repository/net/minidev/json-smart/2.5.1/json-smart-2.5.1.jar:/home/ec2-user/.m2/repository/net/minidev/accessors-smart/2.5.1/accessors-smart-2.5.1.jar:/home/ec2-user/.m2/repository/org/ow2/asm/asm/9.6/asm-9.6.jar:/home/ec2-user/.m2/repository/org/assertj/assertj-core/3.24.2/assertj-core-3.24.2.jar:/home/ec2-user/.m2/repository/net/bytebuddy/byte-buddy/1.14.17/byte-buddy-1.14.17.jar:/home/ec2-user/.m2/repository/org/awaitility/awaitility/4.2.1/awaitility-4.2.1.jar:/home/ec2-user/.m2/repository/org/hamcrest/hamcrest/2.2/hamcrest-2.2.jar:/home/ec2-user/.m2/repository/org/junit/jupiter/junit-jupiter/5.10.2/junit-jupiter-5.10.2.jar:/home/ec2-user/.m2/repository/org/junit/jupiter/junit-jupiter-params/5.10.2/junit-jupiter-params-5.10.2.jar:/home/ec2-user/.m2/repository/org/mockito/mockito-core/5.7.0/mockito-core-5.7.0.jar:/home/ec2-user/.m2/repository/net/bytebuddy/byte-buddy-agent/1.14.17/byte-buddy-agent-1.14.17.jar:/home/ec2-user/.m2/repository/org/objenesis/objenesis/3.3/objenesis-3.3.jar:/home/ec2-user/.m2/repository/org/mockito/mockito-junit-jupiter/5.7.0/mockito-junit-jupiter-5.7.0.jar:/home/ec2-user/.m2/repository/org/skyscreamer/jsonassert/1.5.1/jsonassert-1.5.1.jar:/home/ec2-user/.m2/repository/com/vaadin/external/google/android-json/0.0.20131108.vaadin1/android-json-0.0.20131108.vaadin1.jar:/home/ec2-user/.m2/repository/org/springframework/spring-core/6.1.10/spring-core-6.1.10.jar:/home/ec2-user/.m2/repository/org/springframework/spring-jcl/6.1.10/spring-jcl-6.1.10.jar:/home/ec2-user/.m2/repository/org/springframework/spring-test/6.1.10/spring-test-6.1.10.jar:/home/ec2-user/.m2/repository/org/xmlunit/xmlunit-core/2.9.1/xmlunit-core-2.9.1.jar:/home/ec2-user/.m2/repository/org/springframework/cloud/spring-cloud-config-server/4.1.3/spring-cloud-config-server-4.1.3.jar:/home/ec2-user/.m2/repository/org/springframework/cloud/spring-cloud-config-client/4.1.3/spring-cloud-config-client-4.1.3.jar:/home/ec2-user/.m2/repository/org/springframework/cloud/spring-cloud-commons/4.1.4/spring-cloud-commons-4.1.4.jar:/home/ec2-user/.m2/repository/org/springframework/cloud/spring-cloud-context/4.1.4/spring-cloud-context-4.1.4.jar:/home/ec2-user/.m2/repository/org/springframework/spring-web/6.1.10/spring-web-6.1.10.jar:/home/ec2-user/.m2/repository/org/springframework/spring-beans/6.1.10/spring-beans-6.1.10.jar:/home/ec2-user/.m2/repository/com/fasterxml/jackson/core/jackson-annotations/2.15.4/jackson-annotations-2.15.4.jar:/home/ec2-user/.m2/repository/com/fasterxml/jackson/core/jackson-databind/2.15.4/jackson-databind-2.15.4.jar:/home/ec2-user/.m2/repository/io/micrometer/micrometer-observation/1.12.7/micrometer-observation-1.12.7.jar:/home/ec2-user/.m2/repository/io/micrometer/micrometer-commons/1.12.7/micrometer-commons-1.12.7.jar:/home/ec2-user/.m2/repository/org/springframework/boot/spring-boot-starter-web/3.2.7/spring-boot-starter-web-3.2.7.jar:/home/ec2-user/.m2/repository/org/springframework/boot/spring-boot-starter-json/3.2.7/spring-boot-starter-json-3.2.7.jar:/home/ec2-user/.m2/repository/com/fasterxml/jackson/datatype/jackson-datatype-jdk8/2.15.4/jackson-datatype-jdk8-2.15.4.jar:/home/ec2-user/.m2/repository/com/fasterxml/jackson/datatype/jackson-datatype-jsr310/2.15.4/jackson-datatype-jsr310-2.15.4.jar:/home/ec2-user/.m2/repository/com/fasterxml/jackson/module/jackson-module-parameter-names/2.15.4/jackson-module-parameter-names-2.15.4.jar:/home/ec2-user/.m2/repository/org/springframework/boot/spring-boot-starter-tomcat/3.2.7/spring-boot-starter-tomcat-3.2.7.jar:/home/ec2-user/.m2/repository/org/apache/tomcat/embed/tomcat-embed-core/10.1.25/tomcat-embed-core-10.1.25.jar:/home/ec2-user/.m2/repository/org/apache/tomcat/embed/tomcat-embed-websocket/10.1.25/tomcat-embed-websocket-10.1.25.jar:/home/ec2-user/.m2/repository/org/springframework/spring-webmvc/6.1.10/spring-webmvc-6.1.10.jar:/home/ec2-user/.m2/repository/org/springframework/spring-aop/6.1.10/spring-aop-6.1.10.jar:/home/ec2-user/.m2/repository/org/springframework/spring-expression/6.1.10/spring-expression-6.1.10.jar:/home/ec2-user/.m2/repository/org/springframework/boot/spring-boot-starter-validation/3.2.7/spring-boot-starter-validation-3.2.7.jar:/home/ec2-user/.m2/repository/org/apache/tomcat/embed/tomcat-embed-el/10.1.25/tomcat-embed-el-10.1.25.jar:/home/ec2-user/.m2/repository/org/hibernate/validator/hibernate-validator/8.0.1.Final/hibernate-validator-8.0.1.Final.jar:/home/ec2-user/.m2/repository/jakarta/validation/jakarta.validation-api/3.0.2/jakarta.validation-api-3.0.2.jar:/home/ec2-user/.m2/repository/org/jboss/logging/jboss-logging/3.5.3.Final/jboss-logging-3.5.3.Final.jar:/home/ec2-user/.m2/repository/com/fasterxml/classmate/1.6.0/classmate-1.6.0.jar:/home/ec2-user/.m2/repository/org/springframework/security/spring-security-crypto/6.2.5/spring-security-crypto-6.2.5.jar:/home/ec2-user/.m2/repository/org/springframework/security/spring-security-rsa/1.1.3/spring-security-rsa-1.1.3.jar:/home/ec2-user/.m2/repository/org/bouncycastle/bcprov-jdk18on/1.78/bcprov-jdk18on-1.78.jar:/home/ec2-user/.m2/repository/org/apache/httpcomponents/client5/httpclient5/5.2.3/httpclient5-5.2.3.jar:/home/ec2-user/.m2/repository/org/apache/httpcomponents/core5/httpcore5/5.2.4/httpcore5-5.2.4.jar:/home/ec2-user/.m2/repository/org/apache/httpcomponents/core5/httpcore5-h2/5.2.4/httpcore5-h2-5.2.4.jar:/home/ec2-user/.m2/repository/org/eclipse/jgit/org.eclipse.jgit/6.6.1.202309021850-r/org.eclipse.jgit-6.6.1.202309021850-r.jar:/home/ec2-user/.m2/repository/com/googlecode/javaewah/JavaEWAH/1.2.3/JavaEWAH-1.2.3.jar:/home/ec2-user/.m2/repository/org/eclipse/jgit/org.eclipse.jgit.http.apache/6.6.1.202309021850-r/org.eclipse.jgit.http.apache-6.6.1.202309021850-r.jar:/home/ec2-user/.m2/repository/org/apache/httpcomponents/httpclient/4.5.14/httpclient-4.5.14.jar:/home/ec2-user/.m2/repository/commons-logging/commons-logging/1.2/commons-logging-1.2.jar:/home/ec2-user/.m2/repository/commons-codec/commons-codec/1.16.1/commons-codec-1.16.1.jar:/home/ec2-user/.m2/repository/org/apache/httpcomponents/httpcore/4.4.16/httpcore-4.4.16.jar:/home/ec2-user/.m2/repository/org/eclipse/jgit/org.eclipse.jgit.ssh.apache/6.6.1.202309021850-r/org.eclipse.jgit.ssh.apache-6.6.1.202309021850-r.jar:/home/ec2-user/.m2/repository/org/apache/sshd/sshd-osgi/2.10.0/sshd-osgi-2.10.0.jar:/home/ec2-user/.m2/repository/org/slf4j/jcl-over-slf4j/2.0.13/jcl-over-slf4j-2.0.13.jar:/home/ec2-user/.m2/repository/org/apache/sshd/sshd-sftp/2.10.0/sshd-sftp-2.10.0.jar:/home/ec2-user/.m2/repository/net/i2p/crypto/eddsa/0.3.0/eddsa-0.3.0.jar:/home/ec2-user/.m2/repository/org/yaml/snakeyaml/2.2/snakeyaml-2.2.jar:/home/ec2-user/.m2/repository/com/fasterxml/jackson/dataformat/jackson-dataformat-yaml/2.15.4/jackson-dataformat-yaml-2.15.4.jar:/home/ec2-user/.m2/repository/com/fasterxml/jackson/core/jackson-core/2.15.4/jackson-core-2.15.4.jar:/home/ec2-user/.m2/repository/org/jolokia/jolokia-core/1.7.1/jolokia-core-1.7.1.jar:/home/ec2-user/.m2/repository/com/googlecode/json-simple/json-simple/1.1.1/json-simple-1.1.1.jar:/home/ec2-user/.m2/repository/org/junit/jupiter/junit-jupiter-api/5.10.2/junit-jupiter-api-5.10.2.jar:/home/ec2-user/.m2/repository/org/opentest4j/opentest4j/1.3.0/opentest4j-1.3.0.jar:/home/ec2-user/.m2/repository/org/junit/platform/junit-platform-commons/1.10.2/junit-platform-commons-1.10.2.jar:/home/ec2-user/.m2/repository/org/apiguardian/apiguardian-api/1.1.2/apiguardian-api-1.1.2.jar:/home/ec2-user/.m2/repository/org/junit/jupiter/junit-jupiter-engine/5.10.2/junit-jupiter-engine-5.10.2.jar:/home/ec2-user/.m2/repository/org/junit/platform/junit-platform-engine/1.10.2/junit-platform-engine-1.10.2.jar:"/>
    <property name="git.branch" value="chapter3"/>
    <property name="git.build.host" value="ip-10-30-30-154.ap-northeast-1.compute.internal"/>
    <property name="java.vm.vendor" value="Amazon.com Inc."/>
    <property name="sun.arch.data.model" value="64"/>
    <property name="git.commit.id" value="bf0a4576f61b6bd06e6e4bbbe701ff3cff74ed31"/>
    <property name="java.vendor.url" value="https://aws.amazon.com/corretto/"/>
    <property name="user.timezone" value="UTC"/>
    <property name="org.jboss.logging.provider" value="slf4j"/>
    <property name="java.vm.specification.version" value="17"/>
    <property name="os.name" value="Linux"/>
    <property name="git.commit.author.time" value="2024-08-02T07:52:36+0000"/>
    <property name="sun.java.launcher" value="SUN_STANDARD"/>
    <property name="git.build.user.name" value="Ryo Yoshii"/>
    <property name="sun.boot.library.path" value="/usr/lib/jvm/java-17-amazon-corretto.x86_64/lib"/>
    <property name="sun.java.command" value="/home/ec2-user/environment/opsjaws-application-signals-handson/chap3/spring-petclinic-config-server/target/surefire/surefirebooter-20240807021356809_15.jar /home/ec2-user/environment/opsjaws-application-signals-handson/chap3/spring-petclinic-config-server/target/surefire 2024-08-07T02-13-03_599-jvmRun1 surefire-20240807021356809_13tmp surefire_3-20240807021356809_14tmp"/>
    <property name="jdk.debug" value="release"/>
    <property name="surefire.test.class.path" value="/home/ec2-user/environment/opsjaws-application-signals-handson/chap3/spring-petclinic-config-server/target/test-classes:/home/ec2-user/environment/opsjaws-application-signals-handson/chap3/spring-petclinic-config-server/target/classes:/home/ec2-user/.m2/repository/org/springframework/boot/spring-boot-starter-test/3.2.7/spring-boot-starter-test-3.2.7.jar:/home/ec2-user/.m2/repository/org/springframework/boot/spring-boot-starter/3.2.7/spring-boot-starter-3.2.7.jar:/home/ec2-user/.m2/repository/org/springframework/boot/spring-boot/3.2.7/spring-boot-3.2.7.jar:/home/ec2-user/.m2/repository/org/springframework/spring-context/6.1.10/spring-context-6.1.10.jar:/home/ec2-user/.m2/repository/org/springframework/boot/spring-boot-autoconfigure/3.2.7/spring-boot-autoconfigure-3.2.7.jar:/home/ec2-user/.m2/repository/org/springframework/boot/spring-boot-starter-logging/3.2.7/spring-boot-starter-logging-3.2.7.jar:/home/ec2-user/.m2/repository/ch/qos/logback/logback-classic/1.4.14/logback-classic-1.4.14.jar:/home/ec2-user/.m2/repository/ch/qos/logback/logback-core/1.4.14/logback-core-1.4.14.jar:/home/ec2-user/.m2/repository/org/apache/logging/log4j/log4j-to-slf4j/2.21.1/log4j-to-slf4j-2.21.1.jar:/home/ec2-user/.m2/repository/org/apache/logging/log4j/log4j-api/2.21.1/log4j-api-2.21.1.jar:/home/ec2-user/.m2/repository/org/slf4j/jul-to-slf4j/2.0.13/jul-to-slf4j-2.0.13.jar:/home/ec2-user/.m2/repository/jakarta/annotation/jakarta.annotation-api/2.1.1/jakarta.annotation-api-2.1.1.jar:/home/ec2-user/.m2/repository/org/springframework/boot/spring-boot-test/3.2.7/spring-boot-test-3.2.7.jar:/home/ec2-user/.m2/repository/org/springframework/boot/spring-boot-test-autoconfigure/3.2.7/spring-boot-test-autoconfigure-3.2.7.jar:/home/ec2-user/.m2/repository/com/jayway/jsonpath/json-path/2.9.0/json-path-2.9.0.jar:/home/ec2-user/.m2/repository/org/slf4j/slf4j-api/2.0.13/slf4j-api-2.0.13.jar:/home/ec2-user/.m2/repository/jakarta/xml/bind/jakarta.xml.bind-api/4.0.2/jakarta.xml.bind-api-4.0.2.jar:/home/ec2-user/.m2/repository/jakarta/activation/jakarta.activation-api/2.1.3/jakarta.activation-api-2.1.3.jar:/home/ec2-user/.m2/repository/net/minidev/json-smart/2.5.1/json-smart-2.5.1.jar:/home/ec2-user/.m2/repository/net/minidev/accessors-smart/2.5.1/accessors-smart-2.5.1.jar:/home/ec2-user/.m2/repository/org/ow2/asm/asm/9.6/asm-9.6.jar:/home/ec2-user/.m2/repository/org/assertj/assertj-core/3.24.2/assertj-core-3.24.2.jar:/home/ec2-user/.m2/repository/net/bytebuddy/byte-buddy/1.14.17/byte-buddy-1.14.17.jar:/home/ec2-user/.m2/repository/org/awaitility/awaitility/4.2.1/awaitility-4.2.1.jar:/home/ec2-user/.m2/repository/org/hamcrest/hamcrest/2.2/hamcrest-2.2.jar:/home/ec2-user/.m2/repository/org/junit/jupiter/junit-jupiter/5.10.2/junit-jupiter-5.10.2.jar:/home/ec2-user/.m2/repository/org/junit/jupiter/junit-jupiter-params/5.10.2/junit-jupiter-params-5.10.2.jar:/home/ec2-user/.m2/repository/org/mockito/mockito-core/5.7.0/mockito-core-5.7.0.jar:/home/ec2-user/.m2/repository/net/bytebuddy/byte-buddy-agent/1.14.17/byte-buddy-agent-1.14.17.jar:/home/ec2-user/.m2/repository/org/objenesis/objenesis/3.3/objenesis-3.3.jar:/home/ec2-user/.m2/repository/org/mockito/mockito-junit-jupiter/5.7.0/mockito-junit-jupiter-5.7.0.jar:/home/ec2-user/.m2/repository/org/skyscreamer/jsonassert/1.5.1/jsonassert-1.5.1.jar:/home/ec2-user/.m2/repository/com/vaadin/external/google/android-json/0.0.20131108.vaadin1/android-json-0.0.20131108.vaadin1.jar:/home/ec2-user/.m2/repository/org/springframework/spring-core/6.1.10/spring-core-6.1.10.jar:/home/ec2-user/.m2/repository/org/springframework/spring-jcl/6.1.10/spring-jcl-6.1.10.jar:/home/ec2-user/.m2/repository/org/springframework/spring-test/6.1.10/spring-test-6.1.10.jar:/home/ec2-user/.m2/repository/org/xmlunit/xmlunit-core/2.9.1/xmlunit-core-2.9.1.jar:/home/ec2-user/.m2/repository/org/springframework/cloud/spring-cloud-config-server/4.1.3/spring-cloud-config-server-4.1.3.jar:/home/ec2-user/.m2/repository/org/springframework/cloud/spring-cloud-config-client/4.1.3/spring-cloud-config-client-4.1.3.jar:/home/ec2-user/.m2/repository/org/springframework/cloud/spring-cloud-commons/4.1.4/spring-cloud-commons-4.1.4.jar:/home/ec2-user/.m2/repository/org/springframework/cloud/spring-cloud-context/4.1.4/spring-cloud-context-4.1.4.jar:/home/ec2-user/.m2/repository/org/springframework/spring-web/6.1.10/spring-web-6.1.10.jar:/home/ec2-user/.m2/repository/org/springframework/spring-beans/6.1.10/spring-beans-6.1.10.jar:/home/ec2-user/.m2/repository/com/fasterxml/jackson/core/jackson-annotations/2.15.4/jackson-annotations-2.15.4.jar:/home/ec2-user/.m2/repository/com/fasterxml/jackson/core/jackson-databind/2.15.4/jackson-databind-2.15.4.jar:/home/ec2-user/.m2/repository/io/micrometer/micrometer-observation/1.12.7/micrometer-observation-1.12.7.jar:/home/ec2-user/.m2/repository/io/micrometer/micrometer-commons/1.12.7/micrometer-commons-1.12.7.jar:/home/ec2-user/.m2/repository/org/springframework/boot/spring-boot-starter-web/3.2.7/spring-boot-starter-web-3.2.7.jar:/home/ec2-user/.m2/repository/org/springframework/boot/spring-boot-starter-json/3.2.7/spring-boot-starter-json-3.2.7.jar:/home/ec2-user/.m2/repository/com/fasterxml/jackson/datatype/jackson-datatype-jdk8/2.15.4/jackson-datatype-jdk8-2.15.4.jar:/home/ec2-user/.m2/repository/com/fasterxml/jackson/datatype/jackson-datatype-jsr310/2.15.4/jackson-datatype-jsr310-2.15.4.jar:/home/ec2-user/.m2/repository/com/fasterxml/jackson/module/jackson-module-parameter-names/2.15.4/jackson-module-parameter-names-2.15.4.jar:/home/ec2-user/.m2/repository/org/springframework/boot/spring-boot-starter-tomcat/3.2.7/spring-boot-starter-tomcat-3.2.7.jar:/home/ec2-user/.m2/repository/org/apache/tomcat/embed/tomcat-embed-core/10.1.25/tomcat-embed-core-10.1.25.jar:/home/ec2-user/.m2/repository/org/apache/tomcat/embed/tomcat-embed-websocket/10.1.25/tomcat-embed-websocket-10.1.25.jar:/home/ec2-user/.m2/repository/org/springframework/spring-webmvc/6.1.10/spring-webmvc-6.1.10.jar:/home/ec2-user/.m2/repository/org/springframework/spring-aop/6.1.10/spring-aop-6.1.10.jar:/home/ec2-user/.m2/repository/org/springframework/spring-expression/6.1.10/spring-expression-6.1.10.jar:/home/ec2-user/.m2/repository/org/springframework/boot/spring-boot-starter-validation/3.2.7/spring-boot-starter-validation-3.2.7.jar:/home/ec2-user/.m2/repository/org/apache/tomcat/embed/tomcat-embed-el/10.1.25/tomcat-embed-el-10.1.25.jar:/home/ec2-user/.m2/repository/org/hibernate/validator/hibernate-validator/8.0.1.Final/hibernate-validator-8.0.1.Final.jar:/home/ec2-user/.m2/repository/jakarta/validation/jakarta.validation-api/3.0.2/jakarta.validation-api-3.0.2.jar:/home/ec2-user/.m2/repository/org/jboss/logging/jboss-logging/3.5.3.Final/jboss-logging-3.5.3.Final.jar:/home/ec2-user/.m2/repository/com/fasterxml/classmate/1.6.0/classmate-1.6.0.jar:/home/ec2-user/.m2/repository/org/springframework/security/spring-security-crypto/6.2.5/spring-security-crypto-6.2.5.jar:/home/ec2-user/.m2/repository/org/springframework/security/spring-security-rsa/1.1.3/spring-security-rsa-1.1.3.jar:/home/ec2-user/.m2/repository/org/bouncycastle/bcprov-jdk18on/1.78/bcprov-jdk18on-1.78.jar:/home/ec2-user/.m2/repository/org/apache/httpcomponents/client5/httpclient5/5.2.3/httpclient5-5.2.3.jar:/home/ec2-user/.m2/repository/org/apache/httpcomponents/core5/httpcore5/5.2.4/httpcore5-5.2.4.jar:/home/ec2-user/.m2/repository/org/apache/httpcomponents/core5/httpcore5-h2/5.2.4/httpcore5-h2-5.2.4.jar:/home/ec2-user/.m2/repository/org/eclipse/jgit/org.eclipse.jgit/6.6.1.202309021850-r/org.eclipse.jgit-6.6.1.202309021850-r.jar:/home/ec2-user/.m2/repository/com/googlecode/javaewah/JavaEWAH/1.2.3/JavaEWAH-1.2.3.jar:/home/ec2-user/.m2/repository/org/eclipse/jgit/org.eclipse.jgit.http.apache/6.6.1.202309021850-r/org.eclipse.jgit.http.apache-6.6.1.202309021850-r.jar:/home/ec2-user/.m2/repository/org/apache/httpcomponents/httpclient/4.5.14/httpclient-4.5.14.jar:/home/ec2-user/.m2/repository/commons-logging/commons-logging/1.2/commons-logging-1.2.jar:/home/ec2-user/.m2/repository/commons-codec/commons-codec/1.16.1/commons-codec-1.16.1.jar:/home/ec2-user/.m2/repository/org/apache/httpcomponents/httpcore/4.4.16/httpcore-4.4.16.jar:/home/ec2-user/.m2/repository/org/eclipse/jgit/org.eclipse.jgit.ssh.apache/6.6.1.202309021850-r/org.eclipse.jgit.ssh.apache-6.6.1.202309021850-r.jar:/home/ec2-user/.m2/repository/org/apache/sshd/sshd-osgi/2.10.0/sshd-osgi-2.10.0.jar:/home/ec2-user/.m2/repository/org/slf4j/jcl-over-slf4j/2.0.13/jcl-over-slf4j-2.0.13.jar:/home/ec2-user/.m2/repository/org/apache/sshd/sshd-sftp/2.10.0/sshd-sftp-2.10.0.jar:/home/ec2-user/.m2/repository/net/i2p/crypto/eddsa/0.3.0/eddsa-0.3.0.jar:/home/ec2-user/.m2/repository/org/yaml/snakeyaml/2.2/snakeyaml-2.2.jar:/home/ec2-user/.m2/repository/com/fasterxml/jackson/dataformat/jackson-dataformat-yaml/2.15.4/jackson-dataformat-yaml-2.15.4.jar:/home/ec2-user/.m2/repository/com/fasterxml/jackson/core/jackson-core/2.15.4/jackson-core-2.15.4.jar:/home/ec2-user/.m2/repository/org/jolokia/jolokia-core/1.7.1/jolokia-core-1.7.1.jar:/home/ec2-user/.m2/repository/com/googlecode/json-simple/json-simple/1.1.1/json-simple-1.1.1.jar:/home/ec2-user/.m2/repository/org/junit/jupiter/junit-jupiter-api/5.10.2/junit-jupiter-api-5.10.2.jar:/home/ec2-user/.m2/repository/org/opentest4j/opentest4j/1.3.0/opentest4j-1.3.0.jar:/home/ec2-user/.m2/repository/org/junit/platform/junit-platform-commons/1.10.2/junit-platform-commons-1.10.2.jar:/home/ec2-user/.m2/repository/org/apiguardian/apiguardian-api/1.1.2/apiguardian-api-1.1.2.jar:/home/ec2-user/.m2/repository/org/junit/jupiter/junit-jupiter-engine/5.10.2/junit-jupiter-engine-5.10.2.jar:/home/ec2-user/.m2/repository/org/junit/platform/junit-platform-engine/1.10.2/junit-platform-engine-1.10.2.jar:"/>
    <property name="sun.cpu.endian" value="little"/>
    <property name="user.home" value="/home/ec2-user"/>
    <property name="user.language" value="en"/>
    <property name="git.closest.tag.commit.count" value=""/>
    <property name="java.specification.vendor" value="Oracle Corporation"/>
    <property name="java.version.date" value="2024-04-16"/>
    <property name="java.home" value="/usr/lib/jvm/java-17-amazon-corretto.x86_64"/>
    <property name="git.total.commit.count" value="17"/>
    <property name="file.separator" value="/"/>
    <property name="basedir" value="/home/ec2-user/environment/opsjaws-application-signals-handson/chap3/spring-petclinic-config-server"/>
    <property name="java.vm.compressedOopsMode" value="Zero based"/>
    <property name="line.separator" value="&#10;"/>
    <property name="git.build.user.email" value="ryo.yoshii@gmail.com"/>
    <property name="git.commit.committer.time" value="2024-08-02T07:52:36+0000"/>
    <property name="java.specification.name" value="Java Platform API Specification"/>
    <property name="java.vm.specification.vendor" value="Oracle Corporation"/>
    <property name="FILE_LOG_CHARSET" value="UTF-8"/>
    <property name="java.awt.headless" value="true"/>
    <property name="git.closest.tag.name" value=""/>
    <property name="git.local.branch.ahead" value="0"/>
    <property name="git.build.time" value="2024-08-07T02:13:56+0000"/>
    <property name="surefire.real.class.path" value="/home/ec2-user/environment/opsjaws-application-signals-handson/chap3/spring-petclinic-config-server/target/surefire/surefirebooter-20240807021356809_15.jar"/>
    <property name="git.commit.message.full" value="delete traffic-generator"/>
    <property name="sun.management.compiler" value="HotSpot 64-Bit Tiered Compilers"/>
    <property name="java.runtime.version" value="17.0.11+9-LTS"/>
    <property name="user.name" value="ec2-user"/>
    <property name="path.separator" value=":"/>
    <property name="os.version" value="6.1.94-99.176.amzn2023.x86_64"/>
    <property name="java.runtime.name" value="OpenJDK Runtime Environment"/>
    <property name="file.encoding" value="UTF-8"/>
    <property name="git.commit.user.email" value="ryo.yoshii@mixi.co.jp"/>
    <property name="java.vm.name" value="OpenJDK 64-Bit Server VM"/>
    <property name="java.vendor.version" value="Corretto-17.0.11.9.1"/>
    <property name="git.local.branch.behind" value="0"/>
    <property name="git.dirty" value="true"/>
    <property name="localRepository" value="/home/ec2-user/.m2/repository"/>
    <property name="java.vendor.url.bug" value="https://github.com/corretto/corretto-17/issues/"/>
    <property name="java.io.tmpdir" value="/tmp"/>
    <property name="java.version" value="17.0.11"/>
    <property name="user.dir" value="/home/ec2-user/environment/opsjaws-application-signals-handson/chap3/spring-petclinic-config-server"/>
    <property name="os.arch" value="amd64"/>
    <property name="git.commit.user.name" value="Ryo Yoshii"/>
    <property name="git.commit.id.abbrev" value="bf0a457"/>
    <property name="java.vm.specification.name" value="Java Virtual Machine Specification"/>
    <property name="PID" value="56881"/>
    <property name="git.commit.id.describe-short" value="bf0a457-dirty"/>
    <property name="CONSOLE_LOG_CHARSET" value="UTF-8"/>
    <property name="git.commit.id.describe" value="bf0a457-dirty"/>
    <property name="native.encoding" value="UTF-8"/>
    <property name="java.library.path" value="/usr/java/packages/lib:/usr/lib64:/lib64:/lib:/usr/lib"/>
    <property name="git.commit.message.short" value="delete traffic-generator"/>
    <property name="java.vm.info" value="mixed mode, sharing"/>
    <property name="java.vendor" value="Amazon.com Inc."/>
    <property name="java.vm.version" value="17.0.11+9-LTS"/>
    <property name="sun.io.unicode.encoding" value="UnicodeLittle"/>
    <property name="java.class.version" value="61.0"/>
    <property name="git.commit.time" value="2024-08-02T07:52:36+0000"/>
    <property name="git.remote.origin.url" value="git@github.com:YoshiiRyo1/opsjaws-application-signals-handson.git"/>
  </properties>
  <testcase name="contextLoads" classname="org.springframework.samples.petclinic.config.PetclinicConfigServerApplicationTests" time="1.059">
    <system-out><![CDATA[02:13:57.708 [main] INFO org.springframework.test.context.support.AnnotationConfigContextLoaderUtils -- Could not detect default configuration classes for test class [org.springframework.samples.petclinic.config.PetclinicConfigServerApplicationTests]: PetclinicConfigServerApplicationTests does not declare any static, non-private, non-final, nested classes annotated with @Configuration.
02:13:57.840 [main] INFO org.springframework.boot.test.context.SpringBootTestContextBootstrapper -- Found @SpringBootConfiguration org.springframework.samples.petclinic.config.ConfigServerApplication for test class org.springframework.samples.petclinic.config.PetclinicConfigServerApplicationTests

  .   ____          _            __ _ _
 /\\ / ___'_ __ _ _(_)_ __  __ _ \ \ \ \
( ( )\___ | '_ | '_| | '_ \/ _` | \ \ \ \
 \\/  ___)| |_)| | | | | || (_| |  ) ) ) )
  '  |____| .__|_| |_|_| |_\__, | / / / /
 =========|_|==============|___/=/_/_/_/
 :: Spring Boot ::                (v3.2.7)

2024-08-07T02:13:58.552Z  INFO 56881 --- [           main] .c.PetclinicConfigServerApplicationTests : Starting PetclinicConfigServerApplicationTests using Java 17.0.11 with PID 56881 (started by ec2-user in /home/ec2-user/environment/opsjaws-application-signals-handson/chap3/spring-petclinic-config-server)
2024-08-07T02:13:58.554Z  INFO 56881 --- [           main] .c.PetclinicConfigServerApplicationTests : No active profile set, falling back to 1 default profile: "default"
2024-08-07T02:13:59.990Z  INFO 56881 --- [           main] o.s.cloud.context.scope.GenericScope     : BeanFactory id=61469c84-0c8f-32a8-bfd0-e4ba072168f2
2024-08-07T02:14:00.503Z  INFO 56881 --- [           main] o.s.b.a.w.s.WelcomePageHandlerMapping    : Adding welcome page: class path resource [static/index.html]
2024-08-07T02:14:01.592Z  INFO 56881 --- [           main] .c.PetclinicConfigServerApplicationTests : Started PetclinicConfigServerApplicationTests in 3.582 seconds (process running for 4.76)
]]></system-out>
  </testcase>
</testsuite>